1666166239232	geckodriver	INFO	Listening on 127.0.0.1:61048
1666166242320	mozrunner::runner	INFO	Running command: "C:\\Program Files\\Mozilla Firefox\\firefox.exe" "--marionette" "--remote-debugging-port" "61049" "--remote-allow-hosts" "localhost" "-no-remote" "-profile" "C:\\Users\\Asus\\AppData\\Local\\Temp\\rust_mozprofileoiE8zk"
1666166243448	Marionette	INFO	Marionette enabled
1666166243460	Marionette	INFO	Listening on port 61060
Read port: 61060
WebDriver BiDi listening on ws://127.0.0.1:61049
1666166243697	RemoteAgent	WARN	TLS certificate errors will be ignored for this session
console.warn: SearchSettings: "get: No settings file exists, new profile?" (new NotFoundError("Could not open the file at C:\\Users\\Asus\\AppData\\Local\\Temp\\rust_mozprofileoiE8zk\\search.json.mozlz4", (void 0)))
DevTools listening on ws://127.0.0.1:61049/devtools/browser/f7bc177f-8ad3-4c28-9af1-86b7175fa39f
1666166308310	Marionette	WARN	Ignoring event 'DOMContentLoaded' because document has an invalid readyState of 'complete'.
JavaScript warning: https://static.xx.fbcdn.net/rsrc.php/v3iX3c4/yf/l/en_GB/cAVoixFLPXx.js?_nc_x=Ij3Wp8lg5Kz, line 21: WEBGL_debug_renderer_info is deprecated in Firefox and will be removed. Please use RENDERER.
1666166347911	Marionette	INFO	Stopped listening on port 61060
console.warn: TopSitesFeed: Failed to fetch data from Contile server: NetworkError when attempting to fetch resource.
[Parent 12844, IPC I/O Parent] WARNING: file /builds/worker/checkouts/gecko/ipc/chromium/src/base/process_util_win.cc:167
1666166350934	geckodriver	INFO	Listening on 127.0.0.1:61300
1666166354001	mozrunner::runner	INFO	Running command: "C:\\Program Files\\Mozilla Firefox\\firefox.exe" "--marionette" "--remote-debugging-port" "61301" "--remote-allow-hosts" "localhost" "-no-remote" "-profile" "C:\\Users\\Asus\\AppData\\Local\\Temp\\rust_mozprofileAV9VWw"
1666166354593	Marionette	INFO	Marionette enabled
1666166354600	Marionette	INFO	Listening on port 61312
Read port: 61312
WebDriver BiDi listening on ws://127.0.0.1:61301
1666166354774	RemoteAgent	WARN	TLS certificate errors will be ignored for this session
console.warn: SearchSettings: "get: No settings file exists, new profile?" (new NotFoundError("Could not open the file at C:\\Users\\Asus\\AppData\\Local\\Temp\\rust_mozprofileAV9VWw\\search.json.mozlz4", (void 0)))
DevTools listening on ws://127.0.0.1:61301/devtools/browser/69911b73-53bd-4ad2-975f-bc211fb44f38
console.error: Region.jsm: "Error fetching region" (new Error("TIMEOUT", "resource://gre/modules/Region.jsm", 768))
console.error: Region.jsm: "Failed to fetch region" (new Error("TIMEOUT", "resource://gre/modules/Region.jsm", 420))
JavaScript warning: https://static.xx.fbcdn.net/rsrc.php/v3iX3c4/yf/l/en_GB/cAVoixFLPXx.js?_nc_x=Ij3Wp8lg5Kz, line 21: WEBGL_debug_renderer_info is deprecated in Firefox and will be removed. Please use RENDERER.
console.warn: LoginRecipes: "Falling back to a synchronous message for: https://web.facebook.com."
JavaScript warning: https://static.xx.fbcdn.net/rsrc.php/v3iX3c4/yf/l/en_GB/cAVoixFLPXx.js?_nc_x=Ij3Wp8lg5Kz, line 21: WEBGL_debug_renderer_info is deprecated in Firefox and will be removed. Please use RENDERER.
1666166370626	Marionette	INFO	Stopped listening on port 61312
[Parent 20012, IPC I/O Parent] WARNING: file /builds/worker/checkouts/gecko/ipc/chromium/src/base/process_util_win.cc:167
[Parent 20012, IPC I/O Parent] WARNING: file /builds/worker/checkouts/gecko/ipc/chromium/src/base/process_util_win.cc:167
[Parent 20012, IPC I/O Parent] WARNING: file /builds/worker/checkouts/gecko/ipc/chromium/src/base/process_util_win.cc:167
1666166712557	geckodriver	INFO	Listening on 127.0.0.1:61652
1666166715656	mozrunner::runner	INFO	Running command: "C:\\Program Files\\Mozilla Firefox\\firefox.exe" "--marionette" "--remote-debugging-port" "61653" "--remote-allow-hosts" "localhost" "-no-remote" "-profile" "C:\\Users\\Asus\\AppData\\Local\\Temp\\rust_mozprofileHIQxN8"
1666166716137	Marionette	INFO	Marionette enabled
1666166716145	Marionette	INFO	Listening on port 61664
Read port: 61664
WebDriver BiDi listening on ws://127.0.0.1:61653
1666166716303	RemoteAgent	WARN	TLS certificate errors will be ignored for this session
console.warn: SearchSettings: "get: No settings file exists, new profile?" (new NotFoundError("Could not open the file at C:\\Users\\Asus\\AppData\\Local\\Temp\\rust_mozprofileHIQxN8\\search.json.mozlz4", (void 0)))
DevTools listening on ws://127.0.0.1:61653/devtools/browser/6ba65bc5-0363-46d1-a32e-43e6a2a69d3e
JavaScript warning: https://static.xx.fbcdn.net/rsrc.php/v3iX3c4/yf/l/en_GB/cAVoixFLPXx.js?_nc_x=Ij3Wp8lg5Kz, line 21: WEBGL_debug_renderer_info is deprecated in Firefox and will be removed. Please use RENDERER.
console.warn: LoginRecipes: "Falling back to a synchronous message for: https://www.facebook.com."
JavaScript warning: https://static.xx.fbcdn.net/rsrc.php/v3iX3c4/yf/l/en_GB/cAVoixFLPXx.js?_nc_x=Ij3Wp8lg5Kz, line 21: WEBGL_debug_renderer_info is deprecated in Firefox and will be removed. Please use RENDERER.
console.warn: LoginRecipes: "Falling back to a synchronous message for: https://www.facebook.com."
console.warn: LoginRecipes: "Falling back to a synchronous message for: https://www.facebook.com."
console.warn: LoginRecipes: "Falling back to a synchronous message for: https://www.facebook.com."
JavaScript warning: https://static.xx.fbcdn.net/rsrc.php/v3iX3c4/yf/l/en_GB/cAVoixFLPXx.js?_nc_x=Ij3Wp8lg5Kz, line 21: WEBGL_debug_renderer_info is deprecated in Firefox and will be removed. Please use RENDERER.
1666166737861	Marionette	INFO	Stopped listening on port 61664
