1663837855981	geckodriver	INFO	Listening on 127.0.0.1:55978
1663837859051	mozrunner::runner	INFO	Running command: "C:\\Program Files\\Mozilla Firefox\\firefox.exe" "--marionette" "--remote-debugging-port" "55979" "--remote-allow-hosts" "localhost" "-no-remote" "-profile" "C:\\Users\\UseR\\AppData\\Local\\Temp\\rust_mozprofileCgJERd"
1663837859397	Marionette	INFO	Marionette enabled
1663837859402	Marionette	INFO	Listening on port 55988
WebDriver BiDi listening on ws://localhost:55979
Read port: 55988
1663837859670	RemoteAgent	WARN	TLS certificate errors will be ignored for this session
console.warn: SearchSettings: "get: No settings file exists, new profile?" (new NotFoundError("Could not open the file at C:\\Users\\UseR\\AppData\\Local\\Temp\\rust_mozprofileCgJERd\\search.json.mozlz4", (void 0)))
DevTools listening on ws://localhost:55979/devtools/browser/364661d6-822c-4a2a-97f0-a1e5fc9d3a05
1663837864223	Marionette	INFO	Stopped listening on port 55988
JavaScript error: resource://gre/modules/Sqlite.jsm, line 1108: Error: Sqlite.jsm has been shutdown. Cannot open connection to: C:\Users\UseR\AppData\Local\Temp\rust_mozprofileCgJERd\protections.sqlite
1664355418114	geckodriver	INFO	Listening on 127.0.0.1:53518
1664355421159	mozrunner::runner	INFO	Running command: "C:\\Program Files\\Mozilla Firefox\\firefox.exe" "--marionette" "--remote-debugging-port" "53519" "--remote-allow-hosts" "localhost" "-no-remote" "-profile" "C:\\Users\\Asus\\AppData\\Local\\Temp\\rust_mozprofilet1Wiws"
1664355421706	Marionette	INFO	Marionette enabled
1664355421712	Marionette	INFO	Listening on port 53528
WebDriver BiDi listening on ws://localhost:53519
Read port: 53528
1664355422016	RemoteAgent	WARN	TLS certificate errors will be ignored for this session
console.warn: SearchSettings: "get: No settings file exists, new profile?" (new NotFoundError("Could not open the file at C:\\Users\\Asus\\AppData\\Local\\Temp\\rust_mozprofilet1Wiws\\search.json.mozlz4", (void 0)))
DevTools listening on ws://localhost:53519/devtools/browser/6df9dfa1-0d16-4615-a7ef-6e60ae22746b
1664355427328	Marionette	INFO	Stopped listening on port 53528
[Parent 8544, IPC I/O Parent] WARNING: file /builds/worker/checkouts/gecko/ipc/chromium/src/base/process_util_win.cc:167
[Parent 8544, IPC I/O Parent] WARNING: file /builds/worker/checkouts/gecko/ipc/chromium/src/base/process_util_win.cc:167
