1669279176359	geckodriver	INFO	Listening on 127.0.0.1:59790
1669279179437	mozrunner::runner	INFO	Running command: "C:\\Program Files\\Mozilla Firefox\\firefox.exe" "--marionette" "--remote-debugging-port" "59791" "--remote-allow-hosts" "localhost" "-no-remote" "-profile" "C:\\Users\\Asus\\AppData\\Local\\Temp\\rust_mozprofile3Xf6ix"
1669279180222	Marionette	INFO	Marionette enabled
1669279180234	Marionette	INFO	Listening on port 59803
Read port: 59803
WebDriver BiDi listening on ws://127.0.0.1:59791
1669279180468	RemoteAgent	WARN	TLS certificate errors will be ignored for this session
console.warn: SearchSettings: "get: No settings file exists, new profile?" (new NotFoundError("Could not open the file at C:\\Users\\Asus\\AppData\\Local\\Temp\\rust_mozprofile3Xf6ix\\search.json.mozlz4", (void 0)))
DevTools listening on ws://127.0.0.1:59791/devtools/browser/589e4b35-4e50-4a9d-b8dc-7497451619af
JavaScript warning: https://pagead2.googlesyndication.com/bg/HXK1UBO5dJ_nYlUyX89SMP4zFPzfcfFy3F4kBoREzco.js line 2 > eval line 2578 > eval line 1 > eval line 1 > eval, line 1: WEBGL_debug_renderer_info is deprecated in Firefox and will be removed. Please use RENDERER.
1669279197034	Marionette	INFO	Stopped listening on port 59803
JavaScript error: , line 0: TypeError: NetworkError when attempting to fetch resource.
JavaScript error: , line 0: TypeError: NetworkError when attempting to fetch resource.
JavaScript error: , line 0: TypeError: NetworkError when attempting to fetch resource.
[Parent 18596, IPC I/O Parent] WARNING: file /builds/worker/checkouts/gecko/ipc/chromium/src/base/process_util_win.cc:167
JavaScript error: resource://gre/modules/Sqlite.sys.mjs, line 1106: Error: Sqlite.jsm has been shutdown. Cannot open connection to: C:\Users\Asus\AppData\Local\Temp\rust_mozprofile3Xf6ix\protections.sqlite
1669279215408	geckodriver	INFO	Listening on 127.0.0.1:59964
1669279218463	mozrunner::runner	INFO	Running command: "C:\\Program Files\\Mozilla Firefox\\firefox.exe" "--marionette" "--remote-debugging-port" "59965" "--remote-allow-hosts" "localhost" "-no-remote" "-profile" "C:\\Users\\Asus\\AppData\\Local\\Temp\\rust_mozprofileUdfNUA"
1669279218892	Marionette	INFO	Marionette enabled
1669279218898	Marionette	INFO	Listening on port 59979
Read port: 59979
WebDriver BiDi listening on ws://127.0.0.1:59965
1669279219031	RemoteAgent	WARN	TLS certificate errors will be ignored for this session
console.warn: SearchSettings: "get: No settings file exists, new profile?" (new NotFoundError("Could not open the file at C:\\Users\\Asus\\AppData\\Local\\Temp\\rust_mozprofileUdfNUA\\search.json.mozlz4", (void 0)))
DevTools listening on ws://127.0.0.1:59965/devtools/browser/e1aa0fda-7555-495a-a5c7-7309ce44c2f2
JavaScript warning: https://pagead2.googlesyndication.com/bg/HXK1UBO5dJ_nYlUyX89SMP4zFPzfcfFy3F4kBoREzco.js line 2 > eval line 639 > eval line 1 > eval line 1 > eval, line 1: WEBGL_debug_renderer_info is deprecated in Firefox and will be removed. Please use RENDERER.
JavaScript warning: https://pagead2.googlesyndication.com/bg/HXK1UBO5dJ_nYlUyX89SMP4zFPzfcfFy3F4kBoREzco.js line 2 > eval line 7507 > eval line 1 > eval line 1 > eval, line 1: WEBGL_debug_renderer_info is deprecated in Firefox and will be removed. Please use RENDERER.
JavaScript warning: https://pagead2.googlesyndication.com/bg/HXK1UBO5dJ_nYlUyX89SMP4zFPzfcfFy3F4kBoREzco.js line 2 > eval line 2367 > eval line 1 > eval line 1 > eval, line 1: WEBGL_debug_renderer_info is deprecated in Firefox and will be removed. Please use RENDERER.
1669279255873	Marionette	INFO	Stopped listening on port 59979
JavaScript error: , line 0: TypeError: NetworkError when attempting to fetch resource.
JavaScript error: , line 0: TypeError: NetworkError when attempting to fetch resource.
JavaScript error: , line 0: TypeError: NetworkError when attempting to fetch resource.
console.warn: TopSitesFeed: Failed to fetch data from Contile server: NetworkError when attempting to fetch resource.
1669279270983	geckodriver	INFO	Listening on 127.0.0.1:60181
1669279274040	mozrunner::runner	INFO	Running command: "C:\\Program Files\\Mozilla Firefox\\firefox.exe" "--marionette" "--remote-debugging-port" "60182" "--remote-allow-hosts" "localhost" "-no-remote" "-profile" "C:\\Users\\Asus\\AppData\\Local\\Temp\\rust_mozprofilemzuW54"
1669279274409	Marionette	INFO	Marionette enabled
1669279274415	Marionette	INFO	Listening on port 60194
Read port: 60194
WebDriver BiDi listening on ws://127.0.0.1:60182
1669279274546	RemoteAgent	WARN	TLS certificate errors will be ignored for this session
console.warn: SearchSettings: "get: No settings file exists, new profile?" (new NotFoundError("Could not open the file at C:\\Users\\Asus\\AppData\\Local\\Temp\\rust_mozprofilemzuW54\\search.json.mozlz4", (void 0)))
DevTools listening on ws://127.0.0.1:60182/devtools/browser/d6685b64-af31-4cfd-ad24-843851ebaabc
JavaScript warning: https://pagead2.googlesyndication.com/bg/HXK1UBO5dJ_nYlUyX89SMP4zFPzfcfFy3F4kBoREzco.js line 2 > eval line 5480 > eval line 1 > eval line 1 > eval, line 1: WEBGL_debug_renderer_info is deprecated in Firefox and will be removed. Please use RENDERER.
1669279310947	Marionette	INFO	Stopped listening on port 60194
[Parent 16960, IPC I/O Parent] WARNING: file /builds/worker/checkouts/gecko/ipc/chromium/src/base/process_util_win.cc:167
JavaScript error: , line 0: TypeError: NetworkError when attempting to fetch resource.
JavaScript error: , line 0: TypeError: NetworkError when attempting to fetch resource.
JavaScript error: , line 0: TypeError: NetworkError when attempting to fetch resource.
JavaScript error: resource://gre/modules/Sqlite.sys.mjs, line 1106: Error: Sqlite.jsm has been shutdown. Cannot open connection to: C:\Users\Asus\AppData\Local\Temp\rust_mozprofilemzuW54\protections.sqlite
1669279326860	geckodriver	INFO	Listening on 127.0.0.1:60386
1669279329934	mozrunner::runner	INFO	Running command: "C:\\Program Files\\Mozilla Firefox\\firefox.exe" "--marionette" "--remote-debugging-port" "60387" "--remote-allow-hosts" "localhost" "-no-remote" "-profile" "C:\\Users\\Asus\\AppData\\Local\\Temp\\rust_mozprofileifMmGA"
1669279330295	Marionette	INFO	Marionette enabled
1669279330299	Marionette	INFO	Listening on port 60396
WebDriver BiDi listening on ws://127.0.0.1:60387
Read port: 60396
1669279330505	RemoteAgent	WARN	TLS certificate errors will be ignored for this session
console.warn: SearchSettings: "get: No settings file exists, new profile?" (new NotFoundError("Could not open the file at C:\\Users\\Asus\\AppData\\Local\\Temp\\rust_mozprofileifMmGA\\search.json.mozlz4", (void 0)))
DevTools listening on ws://127.0.0.1:60387/devtools/browser/847e5f33-afae-4b65-be3f-67ff2e8876fa
JavaScript warning: https://pagead2.googlesyndication.com/bg/HXK1UBO5dJ_nYlUyX89SMP4zFPzfcfFy3F4kBoREzco.js line 2 > eval line 4054 > eval line 1 > eval line 1 > eval, line 1: WEBGL_debug_renderer_info is deprecated in Firefox and will be removed. Please use RENDERER.
JavaScript warning: https://pagead2.googlesyndication.com/bg/HXK1UBO5dJ_nYlUyX89SMP4zFPzfcfFy3F4kBoREzco.js line 2 > eval line 4469 > eval line 1 > eval line 1 > eval, line 1: WEBGL_debug_renderer_info is deprecated in Firefox and will be removed. Please use RENDERER.
JavaScript warning: https://pagead2.googlesyndication.com/bg/HXK1UBO5dJ_nYlUyX89SMP4zFPzfcfFy3F4kBoREzco.js line 2 > eval line 1086 > eval line 1 > eval line 1 > eval, line 1: WEBGL_debug_renderer_info is deprecated in Firefox and will be removed. Please use RENDERER.
1669279366351	Marionette	INFO	Stopped listening on port 60396
[Parent 22652, IPC I/O Parent] WARNING: DuplicateHandle failed for handle 0 in TransferHandles: file /builds/worker/checkouts/gecko/ipc/chromium/src/chrome/common/ipc_channel_win.cc:746
JavaScript error: , line 0: TypeError: NetworkError when attempting to fetch resource.
JavaScript error: , line 0: TypeError: NetworkError when attempting to fetch resource.
JavaScript error: , line 0: TypeError: NetworkError when attempting to fetch resource.
JavaScript error: resource://gre/modules/Sqlite.sys.mjs, line 1106: Error: Sqlite.jsm has been shutdown. Cannot open connection to: C:\Users\Asus\AppData\Local\Temp\rust_mozprofileifMmGA\protections.sqlite
1669279436239	geckodriver	INFO	Listening on 127.0.0.1:60597
1669279439302	mozrunner::runner	INFO	Running command: "C:\\Program Files\\Mozilla Firefox\\firefox.exe" "--marionette" "--remote-debugging-port" "60598" "--remote-allow-hosts" "localhost" "-no-remote" "-profile" "C:\\Users\\Asus\\AppData\\Local\\Temp\\rust_mozprofileIiO8h6"
1669279439653	Marionette	INFO	Marionette enabled
1669279439659	Marionette	INFO	Listening on port 60607
WebDriver BiDi listening on ws://127.0.0.1:60598
Read port: 60607
1669279439866	RemoteAgent	WARN	TLS certificate errors will be ignored for this session
console.warn: SearchSettings: "get: No settings file exists, new profile?" (new NotFoundError("Could not open the file at C:\\Users\\Asus\\AppData\\Local\\Temp\\rust_mozprofileIiO8h6\\search.json.mozlz4", (void 0)))
DevTools listening on ws://127.0.0.1:60598/devtools/browser/0d2c2dd2-e153-494d-9506-83692ec0308a
1669279455726	Marionette	INFO	Stopped listening on port 60607
[Parent 7080, IPC I/O Parent] WARNING: file /builds/worker/checkouts/gecko/ipc/chromium/src/base/process_util_win.cc:167
1669279521687	geckodriver	INFO	Listening on 127.0.0.1:60738
1669279524752	mozrunner::runner	INFO	Running command: "C:\\Program Files\\Mozilla Firefox\\firefox.exe" "--marionette" "--remote-debugging-port" "60739" "--remote-allow-hosts" "localhost" "-no-remote" "-profile" "C:\\Users\\Asus\\AppData\\Local\\Temp\\rust_mozprofileRKM29M"
1669279525085	Marionette	INFO	Marionette enabled
1669279525090	Marionette	INFO	Listening on port 60748
WebDriver BiDi listening on ws://127.0.0.1:60739
Read port: 60748
1669279525396	RemoteAgent	WARN	TLS certificate errors will be ignored for this session
console.warn: SearchSettings: "get: No settings file exists, new profile?" (new NotFoundError("Could not open the file at C:\\Users\\Asus\\AppData\\Local\\Temp\\rust_mozprofileRKM29M\\search.json.mozlz4", (void 0)))
DevTools listening on ws://127.0.0.1:60739/devtools/browser/34d5c78f-d32c-4d67-8766-3622860a2c84
JavaScript warning: https://pagead2.googlesyndication.com/bg/HXK1UBO5dJ_nYlUyX89SMP4zFPzfcfFy3F4kBoREzco.js line 2 > eval line 7480 > eval line 1 > eval line 1 > eval, line 1: WEBGL_debug_renderer_info is deprecated in Firefox and will be removed. Please use RENDERER.
JavaScript warning: https://pagead2.googlesyndication.com/bg/HXK1UBO5dJ_nYlUyX89SMP4zFPzfcfFy3F4kBoREzco.js line 2 > eval line 180 > eval line 1 > eval line 1 > eval, line 1: WEBGL_debug_renderer_info is deprecated in Firefox and will be removed. Please use RENDERER.
JavaScript warning: https://pagead2.googlesyndication.com/bg/HXK1UBO5dJ_nYlUyX89SMP4zFPzfcfFy3F4kBoREzco.js line 2 > eval line 5228 > eval line 1 > eval line 1 > eval, line 1: WEBGL_debug_renderer_info is deprecated in Firefox and will be removed. Please use RENDERER.
1669279565956	Marionette	INFO	Stopped listening on port 60748
[Parent 19524, IPC I/O Parent] WARNING: file /builds/worker/checkouts/gecko/ipc/chromium/src/base/process_util_win.cc:167
JavaScript error: resource://gre/modules/Sqlite.sys.mjs, line 1106: Error: Sqlite.jsm has been shutdown. Cannot open connection to: C:\Users\Asus\AppData\Local\Temp\rust_mozprofileRKM29M\protections.sqlite
1669279764670	geckodriver	INFO	Listening on 127.0.0.1:61014
1669279767733	mozrunner::runner	INFO	Running command: "C:\\Program Files\\Mozilla Firefox\\firefox.exe" "--marionette" "--remote-debugging-port" "61015" "--remote-allow-hosts" "localhost" "-no-remote" "-profile" "C:\\Users\\Asus\\AppData\\Local\\Temp\\rust_mozprofileVBFw9N"
1669279768267	Marionette	INFO	Marionette enabled
1669279768272	Marionette	INFO	Listening on port 61024
Read port: 61024
WebDriver BiDi listening on ws://127.0.0.1:61015
1669279768390	RemoteAgent	WARN	TLS certificate errors will be ignored for this session
console.warn: SearchSettings: "get: No settings file exists, new profile?" (new NotFoundError("Could not open the file at C:\\Users\\Asus\\AppData\\Local\\Temp\\rust_mozprofileVBFw9N\\search.json.mozlz4", (void 0)))
DevTools listening on ws://127.0.0.1:61015/devtools/browser/f588d052-2c31-4b28-836d-38807b5bd95d
JavaScript warning: https://pagead2.googlesyndication.com/bg/HXK1UBO5dJ_nYlUyX89SMP4zFPzfcfFy3F4kBoREzco.js line 2 > eval line 5745 > eval line 1 > eval line 1 > eval, line 1: WEBGL_debug_renderer_info is deprecated in Firefox and will be removed. Please use RENDERER.
1669279796802	Marionette	INFO	Stopped listening on port 61024
[Parent 9464, IPC I/O Parent] WARNING: file /builds/worker/checkouts/gecko/ipc/chromium/src/base/process_util_win.cc:167
[Parent 9464, IPC I/O Parent] WARNING: file /builds/worker/checkouts/gecko/ipc/chromium/src/base/process_util_win.cc:167
JavaScript error: resource://gre/modules/Sqlite.sys.mjs, line 1106: Error: Sqlite.jsm has been shutdown. Cannot open connection to: C:\Users\Asus\AppData\Local\Temp\rust_mozprofileVBFw9N\protections.sqlite
